/home/sandbox/msl/Ctrl_Sea/main.py:91: DeprecationWarning: ANTIALIAS is deprecated and will be removed in Pillow 10 (2023-07-01). Use Resampling.LANCZOS instead.
  image = Image.open(image_file).convert('RGB').resize(size, Image.ANTIALIAS)
clouds 0.98438
clouds 0.99609
clouds 0.99609
clouds 0.99609
clouds 0.99609
clouds 0.99609
clouds 0.99609
clouds 0.99219
clouds 0.99219
clouds 0.99609
clouds 0.99609
clouds 0.99609
clouds 0.98047
clouds 0.99609
clouds 0.99609
clouds 0.99609
clouds 0.99609
clouds 0.99609
clouds 0.99609
clouds 0.99609
clouds 0.99609
clouds 0.99609
clouds 0.99609
clouds 0.99609
clouds 0.99609
clouds 0.99609
clouds 0.99609
clouds 0.99609
clouds 0.99609
clouds 0.99609
clouds 0.99609
clouds 0.99609
clouds 0.98828
clouds 0.96484
clouds 0.85156
clouds 0.99609
clouds 0.99609
clouds 0.99609
clouds 0.99609
clouds 0.99609
clouds 0.96094
clouds 0.99609
clouds 0.99609
clouds 0.99609
clouds 0.99609
clouds 0.98438
clouds 0.99609
clouds 0.99609
clouds 0.99219
clouds 0.98828
clouds 0.87500
clouds 0.63281
clouds 0.67578
land 0.49609
clouds 0.84375
clouds 0.71094
clouds 0.89062
clouds 0.76562
clouds 0.96875
clouds 0.94922
clouds 0.92969
clouds 0.95703
clouds 0.97266
clouds 0.99609
clouds 0.99609
clouds 0.99609
clouds 0.99219
clouds 0.99219
clouds 0.95312
clouds 0.95703
clouds 0.66797
clouds 0.97656
clouds 0.99609
clouds 0.99609
clouds 0.99609
clouds 0.99609
clouds 0.99609
clouds 0.99219
clouds 0.99219
clouds 0.99609
clouds 0.99609
clouds 0.99609
clouds 0.99609
clouds 0.99609
clouds 0.99609
clouds 0.99609
clouds 0.99609
clouds 0.99609
clouds 0.99609
clouds 0.99609
clouds 0.99609
clouds 0.96484
clouds 0.77734
clouds 0.61719
coastline 0.50000
clouds 0.76562
coastline 0.56641
clouds 0.51953
clouds 0.92969
clouds 0.94531
clouds 0.94922
clouds 0.97656
clouds 0.98438
clouds 0.99609
clouds 0.99609
clouds 0.99219
clouds 0.98047
clouds 0.96484
clouds 0.84375
clouds 0.78125
nightAndTwilight 0.45703
nightAndTwilight 0.43750
land 0.38281
nightAndTwilight 0.92188
nightAndTwilight 0.94531
nightAndTwilight 0.94922
nightAndTwilight 0.99219
nightAndTwilight 0.99609
nightAndTwilight 0.99219
nightAndTwilight 0.99609
nightAndTwilight 0.99219
nightAndTwilight 0.99219
nightAndTwilight 0.98438
nightAndTwilight 0.98047
nightAndTwilight 0.98047
nightAndTwilight 0.98828
nightAndTwilight 0.99219
nightAndTwilight 0.96484
nightAndTwilight 0.96484
nightAndTwilight 0.96484
nightAndTwilight 0.95312
nightAndTwilight 0.93750
nightAndTwilight 0.89062
nightAndTwilight 0.91797
nightAndTwilight 0.91797
nightAndTwilight 0.80469
nightAndTwilight 0.67188
nightAndTwilight 0.71875
nightAndTwilight 0.77734
nightAndTwilight 0.74219
nightAndTwilight 0.76172
nightAndTwilight 0.89453
nightAndTwilight 0.83594
nightAndTwilight 0.93750
nightAndTwilight 0.91797
nightAndTwilight 0.85938
nightAndTwilight 0.96484
nightAndTwilight 0.99609
nightAndTwilight 0.99609
nightAndTwilight 0.99609
nightAndTwilight 0.99609
nightAndTwilight 0.99609
nightAndTwilight 0.99609
nightAndTwilight 0.99609
nightAndTwilight 0.99609
nightAndTwilight 0.99609
nightAndTwilight 0.99609
nightAndTwilight 0.99609
nightAndTwilight 0.99609
nightAndTwilight 0.99609
nightAndTwilight 0.99609
nightAndTwilight 0.99609
nightAndTwilight 0.99609
nightAndTwilight 0.99609
nightAndTwilight 0.99609
nightAndTwilight 0.99609
nightAndTwilight 0.99609
nightAndTwilight 0.99609
nightAndTwilight 0.99609
nightAndTwilight 0.99609
nightAndTwilight 0.99609
nightAndTwilight 0.99609
nightAndTwilight 0.99609
nightAndTwilight 0.99609
nightAndTwilight 0.99609
nightAndTwilight 0.99609
nightAndTwilight 0.99609
nightAndTwilight 0.99609
nightAndTwilight 0.99609
nightAndTwilight 0.99609
nightAndTwilight 0.99609
nightAndTwilight 0.99609
nightAndTwilight 0.99609
nightAndTwilight 0.99609
nightAndTwilight 0.99609
nightAndTwilight 0.99609
nightAndTwilight 0.99609
nightAndTwilight 0.99609
nightAndTwilight 0.99609
nightAndTwilight 0.99609
nightAndTwilight 0.99609
nightAndTwilight 0.99609
nightAndTwilight 0.99609
nightAndTwilight 0.99609
nightAndTwilight 0.99609
nightAndTwilight 0.99609
nightAndTwilight 0.99609
nightAndTwilight 0.99609
nightAndTwilight 0.99609
nightAndTwilight 0.99609
nightAndTwilight 0.99609
nightAndTwilight 0.99609
nightAndTwilight 0.99609
nightAndTwilight 0.99609
nightAndTwilight 0.99609
nightAndTwilight 0.99609
nightAndTwilight 0.99609
nightAndTwilight 0.99609
nightAndTwilight 0.99609
nightAndTwilight 0.99609
nightAndTwilight 0.99609
nightAndTwilight 0.99609
nightAndTwilight 0.99609
nightAndTwilight 0.99609
nightAndTwilight 0.99609
nightAndTwilight 0.99609
nightAndTwilight 0.99609
nightAndTwilight 0.99609
nightAndTwilight 0.99609
nightAndTwilight 0.99609
nightAndTwilight 0.99609
nightAndTwilight 0.99609
nightAndTwilight 0.99609
nightAndTwilight 0.99609
nightAndTwilight 0.99609
nightAndTwilight 0.99609
nightAndTwilight 0.99609
nightAndTwilight 0.99609
nightAndTwilight 0.99609
nightAndTwilight 0.99609
nightAndTwilight 0.99609
nightAndTwilight 0.99609
nightAndTwilight 0.99609
nightAndTwilight 0.99609
nightAndTwilight 0.99609
nightAndTwilight 0.99609
nightAndTwilight 0.99609
nightAndTwilight 0.99609
nightAndTwilight 0.99609
nightAndTwilight 0.99609
nightAndTwilight 0.99609
nightAndTwilight 0.99609
nightAndTwilight 0.99609
nightAndTwilight 0.99609
nightAndTwilight 0.99609
nightAndTwilight 0.99609
nightAndTwilight 0.99609
nightAndTwilight 0.99609
nightAndTwilight 0.99609
nightAndTwilight 0.99609
nightAndTwilight 0.99609
nightAndTwilight 0.99609
nightAndTwilight 0.99609
nightAndTwilight 0.99609
nightAndTwilight 0.99609
nightAndTwilight 0.99609
nightAndTwilight 0.99609
nightAndTwilight 0.99609
nightAndTwilight 0.99609
nightAndTwilight 0.99609
nightAndTwilight 0.99609
nightAndTwilight 0.99609
nightAndTwilight 0.99609
nightAndTwilight 0.99609
nightAndTwilight 0.99609
nightAndTwilight 0.99609
nightAndTwilight 0.99609
nightAndTwilight 0.99609
nightAndTwilight 0.99609
nightAndTwilight 0.99609
nightAndTwilight 0.99609
nightAndTwilight 0.99609
nightAndTwilight 0.99609
nightAndTwilight 0.99609
nightAndTwilight 0.99609
nightAndTwilight 0.99609
nightAndTwilight 0.99609
nightAndTwilight 0.99609
nightAndTwilight 0.99609
nightAndTwilight 0.99609
nightAndTwilight 0.99609
nightAndTwilight 0.99609
nightAndTwilight 0.99609
nightAndTwilight 0.99609
nightAndTwilight 0.99609
nightAndTwilight 0.99609
nightAndTwilight 0.99609
nightAndTwilight 0.99609
nightAndTwilight 0.99609
nightAndTwilight 0.99609
nightAndTwilight 0.99609
nightAndTwilight 0.99609
nightAndTwilight 0.99609
nightAndTwilight 0.99609
nightAndTwilight 0.99609
nightAndTwilight 0.99609
nightAndTwilight 0.99609
nightAndTwilight 0.99609
nightAndTwilight 0.99609
nightAndTwilight 0.99609
nightAndTwilight 0.99609
nightAndTwilight 0.99609
nightAndTwilight 0.99609
nightAndTwilight 0.99609
nightAndTwilight 0.99609
nightAndTwilight 0.99609
nightAndTwilight 0.99609
nightAndTwilight 0.99609
nightAndTwilight 0.99609
nightAndTwilight 0.99609
nightAndTwilight 0.99609
nightAndTwilight 0.99609
nightAndTwilight 0.99609
nightAndTwilight 0.99609
nightAndTwilight 0.99609
nightAndTwilight 0.99609
nightAndTwilight 0.99609
nightAndTwilight 0.99609
nightAndTwilight 0.99609
nightAndTwilight 0.99609
nightAndTwilight 0.99609
nightAndTwilight 0.99609
nightAndTwilight 0.99609
nightAndTwilight 0.99609
nightAndTwilight 0.99609
nightAndTwilight 0.99609
nightAndTwilight 0.99609
nightAndTwilight 0.99609
nightAndTwilight 0.99609
nightAndTwilight 0.99609
nightAndTwilight 0.99609
nightAndTwilight 0.99219
nightAndTwilight 0.99609
nightAndTwilight 0.99609
nightAndTwilight 0.99609
nightAndTwilight 0.99609
nightAndTwilight 0.99609
nightAndTwilight 0.99609
nightAndTwilight 0.99609
nightAndTwilight 0.99609
nightAndTwilight 0.99609
nightAndTwilight 0.99609
nightAndTwilight 0.99609
nightAndTwilight 0.99609
nightAndTwilight 0.99609
nightAndTwilight 0.99609
nightAndTwilight 0.99609
nightAndTwilight 0.99609
nightAndTwilight 0.99609
nightAndTwilight 0.99609
nightAndTwilight 0.99609
nightAndTwilight 0.99609
nightAndTwilight 0.99609
nightAndTwilight 0.99609
nightAndTwilight 0.99609
nightAndTwilight 0.99609
nightAndTwilight 0.99609
nightAndTwilight 0.99609
nightAndTwilight 0.99609
nightAndTwilight 0.99609
nightAndTwilight 0.99609
nightAndTwilight 0.99609
nightAndTwilight 0.99609
nightAndTwilight 0.98438
nightAndTwilight 0.75000
clouds 0.63281
clouds 0.93750
clouds 0.98047
clouds 0.99609
clouds 0.99219
clouds 0.98828
clouds 0.99609
clouds 0.98828
clouds 0.94922
clouds 0.95703
clouds 0.96484
clouds 0.51953
clouds 0.67578
land 0.80078
clouds 0.92969
clouds 0.54688
clouds 0.98047
clouds 0.91016
clouds 0.98438
clouds 0.94531
coastline 0.68359
clouds 0.89453
clouds 0.99219
clouds 0.98438
clouds 0.96094
land 0.68750
land 0.44141
clouds 0.43359
coastline 0.92578
coastline 0.94531
coastline 0.89844
coastline 0.89453
coastline 0.92969
coastline 0.98438
coastline 0.95312
coastline 0.65234
clouds 0.96484
clouds 0.99219
clouds 0.99609
clouds 0.99609
clouds 0.99609
clouds 0.99609
clouds 0.99609
clouds 0.99609
clouds 0.98438
clouds 0.92578
clouds 0.85547
clouds 0.99609
clouds 0.71875
coastline 0.59375
coastline 0.95703
coastline 0.52344
coastline 0.93359
coastline 0.99609
coastline 0.99219
coastline 0.99609
coastline 0.99609
coastline 0.99609
coastline 0.97656
coastline 0.80078
coastline 0.96484
coastline 0.43750
coastline 0.99609
clouds 0.82812
coastline 0.86328
coastline 0.96094
coastline 0.94922
coastline 0.98828
land 0.90234
land 0.71484
land 0.54297
clouds 0.67578
land 0.71094
land 0.76953
clouds 0.51172
land 0.62109
land 0.69141
land 0.54297
clouds 0.76172
clouds 0.81641
clouds 0.71875
clouds 0.41016
coastline 0.77734
coastline 0.72266
coastline 0.90234
coastline 0.83594
coastline 0.82422
coastline 0.83594
coastline 0.40234
coastline 0.87109
coastline 0.85156
coastline 0.97656
coastline 0.99219
coastline 0.96875
coastline 0.92578
coastline 0.99609
coastline 0.99609
coastline 0.99609
coastline 0.99609
coastline 0.83203
coastline 0.51562
coastline 0.70703
clouds 0.77734
clouds 0.69922
land 0.58984
land 0.60938
clouds 0.69141
land 0.73438
clouds 0.93750
clouds 0.94531
clouds 0.97656
clouds 0.99609
clouds 0.98047
clouds 0.94141
clouds 0.99609
clouds 0.99219
clouds 0.99609
clouds 0.99609
clouds 0.99609
clouds 0.99609
clouds 0.99609
clouds 0.99609
clouds 0.99609
clouds 0.99609
clouds 0.99609
clouds 0.99609
clouds 0.98828
clouds 0.98047
clouds 0.99609
clouds 0.99609
clouds 0.99609
clouds 0.99609
clouds 0.99609
clouds 0.99609
clouds 0.99609
clouds 0.99609
clouds 0.96094
clouds 0.98438
clouds 0.88672
clouds 0.61328
coastline 0.54688
clouds 0.99609
clouds 0.99609
clouds 0.98438
clouds 0.99609
clouds 0.95703
clouds 0.97266
clouds 0.83203
clouds 0.91406
clouds 0.72266
land 0.52344
coastline 0.58594
clouds 0.63672
coastline 0.93359
clouds 0.57812
clouds 0.47656
coastline 0.86328
coastline 0.98047
coastline 0.96484
coastline 0.96094
coastline 0.94141
coastline 0.83203
coastline 0.99219
coastline 0.73438
coastline 0.78516
coastline 0.64844
coastline 0.93359
coastline 0.85156
coastline 0.97266
coastline 0.88672
coastline 0.98828
coastline 0.62500
coastline 0.98047
coastline 0.82812
coastline 0.55859
coastline 0.75391
clouds 0.88281
clouds 0.98047
clouds 0.96094
clouds 0.98438
clouds 0.99219
clouds 0.99219
clouds 0.99609
clouds 0.99609
clouds 0.92578
clouds 0.99609
clouds 0.99609
clouds 0.98047
clouds 0.99609
clouds 0.98438
clouds 0.91406
clouds 0.99609
clouds 0.99609
clouds 0.96875
clouds 0.98828
clouds 0.98828
clouds 0.56641
clouds 0.76953
clouds 0.91797
clouds 0.99609
clouds 0.99609
clouds 0.99609
clouds 0.99609
clouds 0.99609
clouds 0.99609
clouds 0.99609
clouds 0.99609
clouds 0.99609
clouds 0.99609
clouds 0.99609
clouds 0.99609
clouds 0.99609
clouds 0.99219
clouds 0.88281
clouds 0.94141
clouds 0.96484
clouds 0.98438
clouds 0.96875
clouds 0.99609
clouds 0.98047
clouds 0.96875
clouds 0.99609
clouds 0.99609
clouds 0.99609
clouds 0.99609
clouds 0.99609
clouds 0.98438
clouds 0.99219
clouds 0.99609
clouds 0.99609
clouds 0.99609
clouds 0.99609
clouds 0.99609
clouds 0.99609
clouds 0.99609
clouds 0.99609
clouds 0.98438
clouds 0.87500
clouds 0.52344
land 0.51953
land 0.61328
clouds 0.83203
clouds 0.67188
clouds 0.71484
clouds 0.53906
clouds 0.91016
clouds 0.99609
clouds 0.94141
clouds 0.97656
clouds 0.91016
clouds 0.96094
clouds 0.95703
clouds 0.96094
clouds 0.51953
clouds 0.85156
clouds 0.96875
clouds 0.96094
clouds 0.97656
clouds 0.97266
clouds 0.91406
clouds 0.97266
clouds 0.96875
clouds 0.94141
clouds 0.99219
clouds 0.98828
clouds 0.96875
clouds 0.98047
coastline 0.56250
clouds 0.85156
clouds 0.60547
coastline 0.54688
land 0.61719
coastline 0.50781
clouds 0.85938
nightAndTwilight 0.88281
nightAndTwilight 0.97656
nightAndTwilight 0.94531
nightAndTwilight 0.99219
nightAndTwilight 0.99609
nightAndTwilight 0.99609
nightAndTwilight 0.99609
nightAndTwilight 0.99609
nightAndTwilight 0.99219
nightAndTwilight 0.98828
nightAndTwilight 0.98047
nightAndTwilight 0.98438
nightAndTwilight 0.98047
nightAndTwilight 0.97266
nightAndTwilight 0.95312
nightAndTwilight 0.95703
nightAndTwilight 0.96094
nightAndTwilight 0.92578
nightAndTwilight 0.89062
nightAndTwilight 0.87891
nightAndTwilight 0.76953
coastline 0.62891
coastline 0.67188
nightAndTwilight 0.64844
nightAndTwilight 0.74219
nightAndTwilight 0.80469
nightAndTwilight 0.80469
nightAndTwilight 0.83203
nightAndTwilight 0.81250
nightAndTwilight 0.81250
nightAndTwilight 0.80469
nightAndTwilight 0.71875
nightAndTwilight 0.93750
nightAndTwilight 0.99609
nightAndTwilight 0.99609
nightAndTwilight 0.99609
nightAndTwilight 0.99609
nightAndTwilight 0.99609
nightAndTwilight 0.99609
nightAndTwilight 0.99609
nightAndTwilight 0.99609
nightAndTwilight 0.99609
nightAndTwilight 0.99609
nightAndTwilight 0.99609
nightAndTwilight 0.99609
nightAndTwilight 0.99609
nightAndTwilight 0.99609
nightAndTwilight 0.99609
nightAndTwilight 0.99609
nightAndTwilight 0.99609
nightAndTwilight 0.99609
nightAndTwilight 0.99609
nightAndTwilight 0.99609
nightAndTwilight 0.99609
nightAndTwilight 0.99609
nightAndTwilight 0.99609
nightAndTwilight 0.99609
nightAndTwilight 0.99609
nightAndTwilight 0.99609
nightAndTwilight 0.99609
nightAndTwilight 0.99609
nightAndTwilight 0.99609
nightAndTwilight 0.99609
nightAndTwilight 0.99609
nightAndTwilight 0.99609
nightAndTwilight 0.99609
nightAndTwilight 0.99609
nightAndTwilight 0.99609
nightAndTwilight 0.99609
nightAndTwilight 0.99609
nightAndTwilight 0.99609
nightAndTwilight 0.99609
nightAndTwilight 0.99609
nightAndTwilight 0.99609
nightAndTwilight 0.99609
nightAndTwilight 0.99609
nightAndTwilight 0.99609
nightAndTwilight 0.99609
nightAndTwilight 0.99609
nightAndTwilight 0.99609
nightAndTwilight 0.99609
nightAndTwilight 0.99609
nightAndTwilight 0.99609
nightAndTwilight 0.99609
nightAndTwilight 0.99609
nightAndTwilight 0.99609
nightAndTwilight 0.99609
nightAndTwilight 0.99609
nightAndTwilight 0.99609
nightAndTwilight 0.99609
nightAndTwilight 0.99609
nightAndTwilight 0.99609
nightAndTwilight 0.99609
nightAndTwilight 0.99609
nightAndTwilight 0.99609
nightAndTwilight 0.99609
nightAndTwilight 0.99609
nightAndTwilight 0.99609
nightAndTwilight 0.99609
nightAndTwilight 0.99609
nightAndTwilight 0.99609
nightAndTwilight 0.99609
nightAndTwilight 0.99609
nightAndTwilight 0.99609
nightAndTwilight 0.99609
nightAndTwilight 0.99609
nightAndTwilight 0.99609
nightAndTwilight 0.99609
nightAndTwilight 0.99609
nightAndTwilight 0.99609
nightAndTwilight 0.99609
nightAndTwilight 0.99609
nightAndTwilight 0.99609
nightAndTwilight 0.99609
nightAndTwilight 0.99609
nightAndTwilight 0.99609
nightAndTwilight 0.99609
nightAndTwilight 0.99609
nightAndTwilight 0.99609
nightAndTwilight 0.99609
nightAndTwilight 0.99609
nightAndTwilight 0.99609
nightAndTwilight 0.99609
nightAndTwilight 0.99609
nightAndTwilight 0.99609
nightAndTwilight 0.99609
nightAndTwilight 0.99609
nightAndTwilight 0.99609
nightAndTwilight 0.99609
nightAndTwilight 0.99609
nightAndTwilight 0.99609
nightAndTwilight 0.99609
nightAndTwilight 0.99609
nightAndTwilight 0.99609
nightAndTwilight 0.99609
nightAndTwilight 0.99609
nightAndTwilight 0.99609
nightAndTwilight 0.99609
nightAndTwilight 0.99609
nightAndTwilight 0.99609
nightAndTwilight 0.99609
nightAndTwilight 0.99609
nightAndTwilight 0.99609
nightAndTwilight 0.99609
nightAndTwilight 0.99609
nightAndTwilight 0.99609
nightAndTwilight 0.99609
nightAndTwilight 0.99609
nightAndTwilight 0.99609
nightAndTwilight 0.99609
nightAndTwilight 0.99609
nightAndTwilight 0.99609
nightAndTwilight 0.99609
nightAndTwilight 0.99609
nightAndTwilight 0.99609
nightAndTwilight 0.99609
nightAndTwilight 0.99609
nightAndTwilight 0.99609
nightAndTwilight 0.99609
nightAndTwilight 0.99609
nightAndTwilight 0.99609
nightAndTwilight 0.99609
nightAndTwilight 0.99609
nightAndTwilight 0.99609
nightAndTwilight 0.99609
nightAndTwilight 0.99609
nightAndTwilight 0.99609
nightAndTwilight 0.99609
nightAndTwilight 0.99609
nightAndTwilight 0.99609
nightAndTwilight 0.99609
nightAndTwilight 0.99609
nightAndTwilight 0.99609
nightAndTwilight 0.99609
nightAndTwilight 0.99609
nightAndTwilight 0.99609
nightAndTwilight 0.99609
nightAndTwilight 0.99609
nightAndTwilight 0.99609
nightAndTwilight 0.99609
nightAndTwilight 0.99609
nightAndTwilight 0.99609
nightAndTwilight 0.99609
nightAndTwilight 0.99609
nightAndTwilight 0.99609
nightAndTwilight 0.99609
nightAndTwilight 0.99609
nightAndTwilight 0.99609
nightAndTwilight 0.99609
nightAndTwilight 0.99609
nightAndTwilight 0.99609
nightAndTwilight 0.99609
nightAndTwilight 0.99609
nightAndTwilight 0.99609
nightAndTwilight 0.99609
nightAndTwilight 0.99609
nightAndTwilight 0.99609
nightAndTwilight 0.99609
nightAndTwilight 0.99609
nightAndTwilight 0.99609
nightAndTwilight 0.99609
nightAndTwilight 0.99609
nightAndTwilight 0.99609
nightAndTwilight 0.99609
nightAndTwilight 0.99609
nightAndTwilight 0.99609
nightAndTwilight 0.99609
nightAndTwilight 0.99609
nightAndTwilight 0.99609
nightAndTwilight 0.99609
nightAndTwilight 0.99609
nightAndTwilight 0.99609
nightAndTwilight 0.99609
nightAndTwilight 0.99609
nightAndTwilight 0.99609
nightAndTwilight 0.99609
nightAndTwilight 0.99609
nightAndTwilight 0.99219
nightAndTwilight 0.99609
nightAndTwilight 0.99609
nightAndTwilight 0.99609
nightAndTwilight 0.99609
nightAndTwilight 0.99609
nightAndTwilight 0.99609
nightAndTwilight 0.99609
nightAndTwilight 0.99609
nightAndTwilight 0.99609
nightAndTwilight 0.99609
nightAndTwilight 0.99609
nightAndTwilight 0.99609
nightAndTwilight 0.99609
nightAndTwilight 0.99609
nightAndTwilight 0.99609
nightAndTwilight 0.99609
nightAndTwilight 0.99609
nightAndTwilight 0.99609
nightAndTwilight 0.99609
nightAndTwilight 0.99609
nightAndTwilight 0.99609
nightAndTwilight 0.99609
nightAndTwilight 0.99609
nightAndTwilight 0.99609
nightAndTwilight 0.99609
nightAndTwilight 0.99609
nightAndTwilight 0.99609
nightAndTwilight 0.99609
nightAndTwilight 0.99609
nightAndTwilight 0.99609
nightAndTwilight 0.99609
nightAndTwilight 0.99219
nightAndTwilight 0.99609
nightAndTwilight 0.92969
clouds 0.51953
clouds 0.77344
clouds 0.87109
clouds 0.95312
clouds 0.94531
clouds 0.96094
clouds 0.98438
clouds 0.97266
clouds 0.99609
clouds 0.99609
clouds 0.97266
clouds 0.98047
clouds 0.86328
clouds 0.76172
clouds 0.79688
clouds 0.75391
land 0.54297
clouds 0.71484
clouds 0.98828
clouds 0.99609
clouds 0.98438
clouds 0.99609
clouds 0.98828
clouds 0.96875
clouds 0.55859
clouds 0.56250
clouds 0.63281
land 0.49609
clouds 0.78125
clouds 0.96094
clouds 0.75000
clouds 0.69141
land 0.51953
land 0.78125
clouds 0.54297
land 0.63281
clouds 0.54297
clouds 0.53906
land 0.60547
land 0.92578
land 0.64062
land 0.72266
land 0.48828
coastline 0.40234
clouds 0.46094
clouds 0.98047
clouds 0.99609
clouds 0.99609
clouds 0.99609
clouds 0.99219
clouds 0.97266
land 0.67578
land 0.52734
coastline 0.99609
coastline 0.99609
coastline 0.99609
coastline 0.99609
coastline 0.98828
clouds 0.83594
coastline 0.94922
coastline 0.51172
clouds 0.45703
coastline 0.51953
coastline 0.81250
clouds 0.96484
clouds 0.69531
coastline 0.97266
coastline 0.67578
coastline 0.80078
coastline 0.62891
land 0.84375
land 0.71875
land 0.57422
coastline 0.53125
coastline 0.79297
coastline 0.85938
coastline 0.89453
coastline 0.55078
clouds 0.69922
land 0.82422
land 0.66797
land 0.62500
coastline 0.86328
land 0.75781
land 0.94922
land 0.79688
clouds 0.59375
clouds 0.61328
clouds 0.75391
land 0.50000
land 0.85156
land 0.94531
land 0.98438
land 0.98438
coastline 0.63672
land 0.76953
land 0.84375
land 0.78906
land 0.89062
land 0.92188
clouds 0.85547
clouds 0.96094
clouds 0.99609
clouds 0.99609
clouds 0.99609
clouds 0.99609
clouds 0.98828
clouds 0.99609
clouds 0.99219
clouds 0.98438
clouds 0.99219
clouds 0.99219
clouds 0.99609
clouds 0.99609
clouds 0.97656
clouds 0.86719
clouds 0.83203
coastline 0.71484
clouds 0.65234
clouds 0.99609
clouds 0.99609
